2025-01-08 04:54:08 INFO: FrmMain.cs, Risc/CRisc/Pic ReadCPU_3394(), find pcValue file, open it
2025-01-08 04:54:08 INFO: Sdcc项目，对PC=0x0000, 搜行号 ... ## 0 .
2025-01-08 04:54:08 INFO: C项目，在.lst文件中，没找到PC=0x0000所对应的行号, 再走一个步进试试.
2025-01-08 04:54:08 INFO: Sdcc项目，对PC=0x0034, 搜行号 ... ## 0 .
2025-01-08 04:54:08 INFO: Sdcc项目，对PC=0x0034, 找到了
2025-01-08 04:54:08 INFO: update frmSys.propertyGrid_sys
2025-01-08 04:54:08 INFO: readAX
2025-01-08 04:54:08 INFO: readRAM
2025-01-08 04:55:22 INFO: FrmMain.cs, Risc/CRisc/Pic ReadCPU_3394(), find pcValue file, open it
2025-01-08 04:55:22 INFO: Sdcc项目，对PC=0x0000, 搜行号 ... ## 0 .
2025-01-08 04:55:22 INFO: C项目，在.lst文件中，没找到PC=0x0000所对应的行号, 再走一个步进试试.
2025-01-08 04:55:22 INFO: Sdcc项目，对PC=0x0034, 搜行号 ... ## 0 .
2025-01-08 04:55:22 INFO: Sdcc项目，对PC=0x0034, 找到了
2025-01-08 04:55:22 INFO: update frmSys.propertyGrid_sys
2025-01-08 04:55:22 INFO: readAX
2025-01-08 04:55:22 INFO: readRAM
2025-01-08 04:56:01 INFO: FrmMain.cs, Risc/CRisc/Pic ReadCPU_3394(), find pcValue file, open it
2025-01-08 04:56:01 INFO: Sdcc项目，对PC=0x0000, 搜行号 ... ## 0 .
2025-01-08 04:56:01 INFO: C项目，在.lst文件中，没找到PC=0x0000所对应的行号, 再走一个步进试试.
2025-01-08 04:56:01 INFO: Sdcc项目，对PC=0x0034, 搜行号 ... ## 0 .
2025-01-08 04:56:01 INFO: Sdcc项目，对PC=0x0034, 找到了
2025-01-08 04:56:01 INFO: update frmSys.propertyGrid_sys
2025-01-08 04:56:01 INFO: readAX
2025-01-08 04:56:01 INFO: readRAM
2025-01-08 04:57:24 INFO: FrmMain.cs, Risc/CRisc/Pic ReadCPU_3394(), find pcValue file, open it
2025-01-08 04:57:24 INFO: Sdcc项目，对PC=0x0000, 搜行号 ... ## 0 .
2025-01-08 04:57:24 INFO: C项目，在.lst文件中，没找到PC=0x0000所对应的行号, 再走一个步进试试.
2025-01-08 04:57:24 INFO: Sdcc项目，对PC=0x0034, 搜行号 ... ## 0 .
2025-01-08 04:57:24 INFO: Sdcc项目，对PC=0x0034, 找到了
2025-01-08 04:57:24 INFO: update frmSys.propertyGrid_sys
2025-01-08 04:57:24 INFO: readAX
2025-01-08 04:57:24 INFO: readRAM
2025-01-08 04:58:01 INFO: FrmMain.cs, Risc/CRisc/Pic ReadCPU_3394(), find pcValue file, open it
2025-01-08 04:58:19 INFO: FrmMain.cs, Risc/CRisc/Pic ReadCPU_3394(), find pcValue file, open it
2025-01-08 04:58:19 INFO: Sdcc项目，对PC=0x0000, 搜行号 ... ## 0 .
2025-01-08 04:58:19 INFO: C项目，在.lst文件中，没找到PC=0x0000所对应的行号, 再走一个步进试试.
2025-01-08 04:58:19 INFO: Sdcc项目，对PC=0x0034, 搜行号 ... ## 0 .
2025-01-08 04:58:19 INFO: Sdcc项目，对PC=0x0034, 找到了
2025-01-08 04:58:19 INFO: update frmSys.propertyGrid_sys
2025-01-08 04:58:19 INFO: readAX
2025-01-08 04:58:19 INFO: readRAM
2025-01-08 05:01:40 INFO: FrmMain.cs, Risc/CRisc/Pic ReadCPU_3394(), find pcValue file, open it
2025-01-08 05:01:40 INFO: Sdcc项目，对PC=0x0000, 搜行号 ... ## 0 .
2025-01-08 05:01:40 INFO: C项目，在.lst文件中，没找到PC=0x0000所对应的行号, 再走一个步进试试.
2025-01-08 05:01:40 INFO: Sdcc项目，对PC=0x0034, 搜行号 ... ## 0 .
2025-01-08 05:01:40 INFO: Sdcc项目，对PC=0x0034, 找到了
2025-01-08 05:01:40 INFO: update frmSys.propertyGrid_sys
2025-01-08 05:01:40 INFO: readAX
2025-01-08 05:01:40 INFO: readRAM
2025-01-08 05:02:09 INFO: FrmMain.cs, Risc/CRisc/Pic ReadCPU_3394(), find pcValue file, open it
2025-01-08 05:02:09 INFO: Sdcc项目，对PC=0x0000, 搜行号 ... ## 0 .
2025-01-08 05:02:09 INFO: C项目，在.lst文件中，没找到PC=0x0000所对应的行号, 再走一个步进试试.
2025-01-08 05:02:09 INFO: Sdcc项目，对PC=0x0034, 搜行号 ... ## 0 .
2025-01-08 05:02:09 INFO: Sdcc项目，对PC=0x0034, 找到了
2025-01-08 05:02:09 INFO: update frmSys.propertyGrid_sys
2025-01-08 05:02:09 INFO: readAX
2025-01-08 05:02:09 INFO: readRAM
2025-01-08 05:02:36 INFO: FrmMain.cs, Risc/CRisc/Pic ReadCPU_3394(), find pcValue file, open it
2025-01-08 05:02:36 INFO: Sdcc项目，对PC=0x0000, 搜行号 ... ## 0 .
2025-01-08 05:02:36 INFO: C项目，在.lst文件中，没找到PC=0x0000所对应的行号, 再走一个步进试试.
2025-01-08 05:02:36 INFO: Sdcc项目，对PC=0x0034, 搜行号 ... ## 0 .
2025-01-08 05:02:36 INFO: Sdcc项目，对PC=0x0034, 找到了
2025-01-08 05:02:36 INFO: update frmSys.propertyGrid_sys
2025-01-08 05:02:36 INFO: readAX
2025-01-08 05:02:36 INFO: readRAM
2025-01-08 05:02:55 INFO: FrmMain.cs, Risc/CRisc/Pic ReadCPU_3394(), find pcValue file, open it
2025-01-08 05:02:55 INFO: Sdcc项目，对PC=0x0000, 搜行号 ... ## 0 .
2025-01-08 05:02:55 INFO: C项目，在.lst文件中，没找到PC=0x0000所对应的行号, 再走一个步进试试.
2025-01-08 05:02:55 INFO: Sdcc项目，对PC=0x0034, 搜行号 ... ## 0 .
2025-01-08 05:02:55 INFO: Sdcc项目，对PC=0x0034, 找到了
2025-01-08 05:02:55 INFO: update frmSys.propertyGrid_sys
2025-01-08 05:02:55 INFO: readAX
2025-01-08 05:02:55 INFO: readRAM
2025-01-08 05:03:18 INFO: FrmMain.cs, Risc/CRisc/Pic ReadCPU_3394(), find pcValue file, open it
2025-01-08 05:03:18 INFO: Sdcc项目，对PC=0x0000, 搜行号 ... ## 0 .
2025-01-08 05:03:18 INFO: C项目，在.lst文件中，没找到PC=0x0000所对应的行号, 再走一个步进试试.
2025-01-08 05:03:18 INFO: Sdcc项目，对PC=0x0034, 搜行号 ... ## 0 .
2025-01-08 05:03:18 INFO: Sdcc项目，对PC=0x0034, 找到了
2025-01-08 05:03:18 INFO: update frmSys.propertyGrid_sys
2025-01-08 05:03:18 INFO: readAX
2025-01-08 05:03:18 INFO: readRAM
2025-01-08 05:03:37 INFO: FrmMain.cs, Risc/CRisc/Pic ReadCPU_3394(), find pcValue file, open it
2025-01-08 05:03:37 INFO: Sdcc项目，对PC=0x0000, 搜行号 ... ## 0 .
2025-01-08 05:03:37 INFO: C项目，在.lst文件中，没找到PC=0x0000所对应的行号, 再走一个步进试试.
2025-01-08 05:03:37 INFO: Sdcc项目，对PC=0x0034, 搜行号 ... ## 0 .
2025-01-08 05:03:37 INFO: Sdcc项目，对PC=0x0034, 找到了
2025-01-08 05:03:37 INFO: update frmSys.propertyGrid_sys
2025-01-08 05:03:37 INFO: readAX
2025-01-08 05:03:38 INFO: readRAM
